This is pdfTeX, Version 3.141592653-2.6-1.40.22 (TeX Live 2022/dev/Debian) (preloaded format=pdflatex 2024.3.16)  17 MAR 2024 09:55
entering extended mode
 restricted \write18 enabled.
 %&-line parsing enabled.
**Ejercicio4.tex
(./Ejercicio4.tex
LaTeX2e <2021-11-15> patch level 1
L3 programming layer <2022-01-21>
(/usr/share/texlive/texmf-dist/tex/latex/base/article.cls
Document Class: article 2021/10/04 v1.4n Standard LaTeX document class
(/usr/share/texlive/texmf-dist/tex/latex/base/size10.clo
File: size10.clo 2021/10/04 v1.4n Standard LaTeX file (size option)
)
\c@part=\count185
\c@section=\count186
\c@subsection=\count187
\c@subsubsection=\count188
\c@paragraph=\count189
\c@subparagraph=\count190
\c@figure=\count191
\c@table=\count192
\abovecaptionskip=\skip47
\belowcaptionskip=\skip48
\bibindent=\dimen138
)

! LaTeX Error: File `listings.sty' not found.

Type X to quit or <RETURN> to proceed,
or enter new name. (Default extension: sty)

Enter file name: 
(/usr/share/texlive/texmf-dist/tex/latex/graphics/graphicx.sty
Package: graphicx 2021/09/16 v1.2d Enhanced LaTeX Graphics (DPC,SPQR)

(/usr/share/texlive/texmf-dist/tex/latex/graphics/keyval.sty
Package: keyval 2014/10/28 v1.15 key=value parser (DPC)
\KV@toks@=\toks16
)
(/usr/share/texlive/texmf-dist/tex/latex/graphics/graphics.sty
Package: graphics 2021/03/04 v1.4d Standard LaTeX Graphics (DPC,SPQR)

(/usr/share/texlive/texmf-dist/tex/latex/graphics/trig.sty
Package: trig 2021/08/11 v1.11 sin cos tan (DPC)
)
(/usr/share/texlive/texmf-dist/tex/latex/graphics-cfg/graphics.cfg
File: graphics.cfg 2016/06/04 v1.11 sample graphics configuration
)
Package graphics Info: Driver file: pdftex.def on input line 107.

(/usr/share/texlive/texmf-dist/tex/latex/graphics-def/pdftex.def
File: pdftex.def 2020/10/05 v1.2a Graphics/color driver for pdftex
))
\Gin@req@height=\dimen139
\Gin@req@width=\dimen140
)
(/usr/share/texlive/texmf-dist/tex/latex/l3backend/l3backend-pdftex.def
File: l3backend-pdftex.def 2022-01-12 L3 backend support: PDF output (pdfTeX)
\l__color_backend_stack_int=\count193
\l__pdf_internal_box=\box50
)
(./Ejercicio4.aux)
\openout1 = `Ejercicio4.aux'.

LaTeX Font Info:    Checking defaults for OML/cmm/m/it on input line 6.
LaTeX Font Info:    ... okay on input line 6.
LaTeX Font Info:    Checking defaults for OMS/cmsy/m/n on input line 6.
LaTeX Font Info:    ... okay on input line 6.
LaTeX Font Info:    Checking defaults for OT1/cmr/m/n on input line 6.
LaTeX Font Info:    ... okay on input line 6.
LaTeX Font Info:    Checking defaults for T1/cmr/m/n on input line 6.
LaTeX Font Info:    ... okay on input line 6.
LaTeX Font Info:    Checking defaults for TS1/cmr/m/n on input line 6.
LaTeX Font Info:    ... okay on input line 6.
LaTeX Font Info:    Checking defaults for OMX/cmex/m/n on input line 6.
LaTeX Font Info:    ... okay on input line 6.
LaTeX Font Info:    Checking defaults for U/cmr/m/n on input line 6.
LaTeX Font Info:    ... okay on input line 6.

(/usr/share/texlive/texmf-dist/tex/context/base/mkii/supp-pdf.mkii
[Loading MPS to PDF converter (version 2006.09.02).]
\scratchcounter=\count194
\scratchdimen=\dimen141
\scratchbox=\box51
\nofMPsegments=\count195
\nofMParguments=\count196
\everyMPshowfont=\toks17
\MPscratchCnt=\count197
\MPscratchDim=\dimen142
\MPnumerator=\count198
\makeMPintoPDFobject=\count199
\everyMPtoPDFconversion=\toks18
) (/usr/share/texlive/texmf-dist/tex/latex/epstopdf-pkg/epstopdf-base.sty
Package: epstopdf-base 2020-01-24 v2.11 Base part for package epstopdf
Package epstopdf-base Info: Redefining graphics rule for `.eps' on input line 4
85.

(/usr/share/texlive/texmf-dist/tex/latex/latexconfig/epstopdf-sys.cfg
File: epstopdf-sys.cfg 2010/07/13 v1.3 Configuration of (r)epstopdf for TeX Liv
e
))
LaTeX Font Info:    External font `cmex10' loaded for size
(Font)              <12> on input line 8.
LaTeX Font Info:    External font `cmex10' loaded for size
(Font)              <8> on input line 8.
LaTeX Font Info:    External font `cmex10' loaded for size
(Font)              <6> on input line 8.


LaTeX Warning: No \author given.

<Ej4_Practica1_DS.png, id=1, 1585.925pt x 738.76pt>
File: Ej4_Practica1_DS.png Graphic file (type png)
<use Ej4_Practica1_DS.png>
Package pdftex.def Info: Ej4_Practica1_DS.png  used on input line 12.
(pdftex.def)             Requested size: 413.99895pt x 192.85086pt.

Overfull \hbox (68.99895pt too wide) in paragraph at lines 12--13
 [][] 
 []


! LaTeX Error: Environment lstlisting undefined.

See the LaTeX manual or LaTeX Companion for explanation.
Type  H <return>  for immediate help.
 ...                                              
                                                  
l.21 \begin{lstlisting}
                       
? 

Overfull \hbox (8.02719pt too wide) in paragraph at lines 31--32
[]\OT1/cmr/m/n/10 Constructor de la clase \OT1/cmtt/m/n/10 Cliente \OT1/cmr/m/n
/10 que recibe un \OT1/cmtt/m/n/10 GestorFiltros \OT1/cmr/m/n/10 como par^^Same
tro
 []

[1

{/var/lib/texmf/fonts/map/pdftex/updmap/pdftex.map} <./Ej4_Practica1_DS.png>]

! LaTeX Error: \begin{document} ended by \end{lstlisting}.

See the LaTeX manual or LaTeX Companion for explanation.
Type  H <return>  for immediate help.
 ...                                              
                                                  
l.45 \end{lstlisting}
                     
? 

! LaTeX Error: Environment lstlisting undefined.

See the LaTeX manual or LaTeX Companion for explanation.
Type  H <return>  for immediate help.
 ...                                              
                                                  
l.52 \begin{lstlisting}
                       
? 

Overfull \hbox (13.27715pt too wide) in paragraph at lines 62--63
[]\OT1/cmr/m/n/10 Constructor de la clase \OT1/cmtt/m/n/10 GestorFiltros \OT1/c
mr/m/n/10 que recibe un \OT1/cmtt/m/n/10 Objetivo \OT1/cmr/m/n/10 como par^^Sam
etro
 []


! LaTeX Error: \begin{document} ended by \end{lstlisting}.

See the LaTeX manual or LaTeX Companion for explanation.
Type  H <return>  for immediate help.
 ...                                              
                                                  
l.84 \end{lstlisting}
                     
? 

! LaTeX Error: Environment lstlisting undefined.

See the LaTeX manual or LaTeX Companion for explanation.
Type  H <return>  for immediate help.
 ...                                              
                                                  
l.92 \begin{lstlisting}
                       
? 
[2]

! LaTeX Error: \begin{document} ended by \end{lstlisting}.

See the LaTeX manual or LaTeX Companion for explanation.
Type  H <return>  for immediate help.
 ...                                              
                                                  
l.126 \end{lstlisting}
                      
? 

! LaTeX Error: Environment lstlisting undefined.

See the LaTeX manual or LaTeX Companion for explanation.
Type  H <return>  for immediate help.
 ...                                              
                                                  
l.134 \begin{lstlisting}
                        
? 

! LaTeX Error: \begin{document} ended by \end{lstlisting}.

See the LaTeX manual or LaTeX Companion for explanation.
Type  H <return>  for immediate help.
 ...                                              
                                                  
l.146 \end{lstlisting}
                      
? 

! LaTeX Error: Environment lstlisting undefined.

See the LaTeX manual or LaTeX Companion for explanation.
Type  H <return>  for immediate help.
 ...                                              
                                                  
l.155 \begin{lstlisting}
                        
? 
! Missing $ inserted.
<inserted text> 
                $
l.167 ...en caso de que las revoluciones sean \geq
                                                  \texttt{MAX\_REVOLUCIONES }
? 
LaTeX Font Info:    External font `cmex10' loaded for size
(Font)              <7> on input line 167.
LaTeX Font Info:    External font `cmex10' loaded for size
(Font)              <5> on input line 167.
! Missing $ inserted.
<inserted text> 
                $
l.169 
      
? 

Overfull \hbox (101.61185pt too wide) in paragraph at lines 167--169
\OT1/cmr/m/n/10 mo-tor, en caso de que las rev-olu-ciones sean $\OMS/cmsy/m/n/1
0 ^^U [][][] \OT1/cmr/m/n/10 =
 []

[3]

! LaTeX Error: \begin{document} ended by \end{lstlisting}.

See the LaTeX manual or LaTeX Companion for explanation.
Type  H <return>  for immediate help.
 ...                                              
                                                  
l.184 \end{lstlisting}
                      
? 

! LaTeX Error: Environment lstlisting undefined.

See the LaTeX manual or LaTeX Companion for explanation.
Type  H <return>  for immediate help.
 ...                                              
                                                  
l.191 \begin{lstlisting}
                        
? 

! LaTeX Error: \begin{document} ended by \end{lstlisting}.

See the LaTeX manual or LaTeX Companion for explanation.
Type  H <return>  for immediate help.
 ...                                              
                                                  
l.207 \end{lstlisting}
                      
? 

! LaTeX Error: Environment lstlisting undefined.

See the LaTeX manual or LaTeX Companion for explanation.
Type  H <return>  for immediate help.
 ...                                              
                                                  
l.215 \begin{lstlisting}
                        
? 

Overfull \hbox (78.42043pt too wide) in paragraph at lines 235--236
[]\OT1/cmr/m/n/10 Devuelve la ve-loci-dad lin-eal del ob-je-tivo cal-cu-lada en
 la funci^^Son \OT1/cmtt/m/n/10 calcula[]velocidad[]lineal()\OT1/cmr/m/n/10 . 
 []


Overfull \hbox (90.36485pt too wide) in paragraph at lines 240--241
[]\OT1/cmr/m/n/10 Devuelve la ve-loci-dad an-gu-lar del ob-je-tivo cal-cu-lada 
en la funci^^Son \OT1/cmtt/m/n/10 calcula[]velocidad[]angular() 
 []


Overfull \hbox (65.52965pt too wide) in paragraph at lines 245--246
[]\OT1/cmr/m/n/10 Devuelve la dis-tan-cia recor-rida por el ob-je-tivo cal-cu-l
ada en la funci^^Son \OT1/cmtt/m/n/10 calcula[]distancia() 
 []

[4]

! LaTeX Error: \begin{document} ended by \end{lstlisting}.

See the LaTeX manual or LaTeX Companion for explanation.
Type  H <return>  for immediate help.
 ...                                              
                                                  
l.276 \end{lstlisting}
                      
? 

! LaTeX Error: Environment lstlisting undefined.

See the LaTeX manual or LaTeX Companion for explanation.
Type  H <return>  for immediate help.
 ...                                              
                                                  
l.284 \begin{lstlisting}
                        
? 

! LaTeX Error: \begin{document} ended by \end{lstlisting}.

See the LaTeX manual or LaTeX Companion for explanation.
Type  H <return>  for immediate help.
 ...                                              
                                                  
l.293 \end{lstlisting}
                      
? 
[5] (./Ejercicio4.aux) ) 
Here is how much of TeX's memory you used:
 1301 strings out of 480247
 21089 string characters out of 5896151
 311699 words of memory out of 5000000
 19277 multiletter control sequences out of 15000+600000
 473710 words of font info for 43 fonts, out of 8000000 for 9000
 14 hyphenation exceptions out of 8191
 55i,6n,62p,259b,226s stack positions out of 5000i,500n,10000p,200000b,80000s
 </home/jezuz/.texlive2021/texmf-var/fonts/pk/ljfour/jk
nappen/ec/tcrm1000.600pk></usr/share/texlive/texmf-dist/fonts/type1/public/amsf
onts/cm/cmbx10.pfb></usr/share/texlive/texmf-dist/fonts/type1/public/amsfonts/c
m/cmbx12.pfb></usr/share/texlive/texmf-dist/fonts/type1/public/amsfonts/cm/cmmi
10.pfb></usr/share/texlive/texmf-dist/fonts/type1/public/amsfonts/cm/cmr10.pfb>
</usr/share/texlive/texmf-dist/fonts/type1/public/amsfonts/cm/cmr12.pfb></usr/s
hare/texlive/texmf-dist/fonts/type1/public/amsfonts/cm/cmr17.pfb></usr/share/te
xlive/texmf-dist/fonts/type1/public/amsfonts/cm/cmsy10.pfb></usr/share/texlive/
texmf-dist/fonts/type1/public/amsfonts/cm/cmtt10.pfb>
Output written on Ejercicio4.pdf (5 pages, 200796 bytes).
PDF statistics:
 68 PDF objects out of 1000 (max. 8388607)
 41 compressed objects within 1 object stream
 0 named destinations out of 1000 (max. 500000)
 6 words of extra memory for PDF output out of 10000 (max. 10000000)

